<?xml version="1.0" encoding="UTF-8"?>
<!-- Generated by org.testng.reporters.JUnitReportReporter -->
<testsuite skipped="0" hostname="CATORMAC053" name="test.java.TestRunner" tests="7" failures="0" timestamp="30 Nov 2018 18:34:57 GMT" time="36.953" errors="0">
  <testcase name="checkoutAndConfirmMagicMouse" time="5.414" classname="test.java.TestRunner"/>
  <testcase name="confirmOrder" time="7.290" classname="test.java.TestRunner"/>
  <testcase name="launchSite" time="7.551" classname="test.java.TestRunner"/>
  <testcase name="selectAccessories" time="4.143" classname="test.java.TestRunner"/>
  <testcase name="enterBillDataAndPurchase" time="7.170" classname="test.java.TestRunner"/>
  <testcase name="addMagicMouseToCart" time="5.047" classname="test.java.TestRunner"/>
  <testcase name="clickOnContinue" time="0.338" classname="test.java.TestRunner"/>
</testsuite> <!-- test.java.TestRunner -->
